dstacxxz/2AS/ubond2/platforms/android/proguard/seeds.txt
com.ionicframework.uband22016.MainActivity
com.ionicframework.uband22016.MainActivity: MainActivity()
com.ionicframework.uband22016.R
com.ionicframework.uband22016.R: R()
com.ionicframework.uband22016.R$anim
com.ionicframework.uband22016.R$anim: int image_pop_in
com.ionicframework.uband22016.R$anim: R$anim()
com.ionicframework.uband22016.R$attr
com.ionicframework.uband22016.R$attr: R$attr()
com.ionicframework.uband22016.R$drawable
com.ionicframework.uband22016.R$drawable: int grid_background
com.ionicframework.uband22016.R$drawable: int ic_action_discard_dark
com.ionicframework.uband22016.R$drawable: int ic_action_discard_light
com.ionicframework.uband22016.R$drawable: int ic_action_done_dark
com.ionicframework.uband22016.R$drawable: int ic_action_done_light
com.ionicframework.uband22016.R$drawable: int ic_launcher
com.ionicframework.uband22016.R$drawable: int icon
com.ionicframework.uband22016.R$drawable: int image_bg
com.ionicframework.uband22016.R$drawable: int loading_icon
com.ionicframework.uband22016.R$drawable: int screen
com.ionicframework.uband22016.R$drawable: int ssdk_auth_title_back
com.ionicframework.uband22016.R$drawable: int ssdk_back_arr
com.ionicframework.uband22016.R$drawable: int ssdk_logo
com.ionicframework.uband22016.R$drawable: int ssdk_oks_classic_alipay
com.ionicframework.uband22016.R$drawable: int ssdk_oks_classic_bluetooth
com.ionicframework.uband22016.R$drawable: int ssdk_oks_classic_check_checked
com.ionicframework.uband22016.R$drawable: int ssdk_oks_classic_check_default
com.ionicframework.uband22016.R$drawable: int ssdk_oks_classic_douban
com.ionicframework.uband22016.R$drawable: int ssdk_oks_classic_dropbox
com.ionicframework.uband22016.R$drawable: int ssdk_oks_classic_email
com.ionicframework.uband22016.R$drawable: int ssdk_oks_classic_evernote
com.ionicframework.uband22016.R$drawable: int ssdk_oks_classic_facebook
com.ionicframework.uband22016.R$id
com.ionicframework.uband22016.R$id: int actionbar_discard
com.ionicframework.uband22016.R$id: int actionbar_discard_textview
com.ionicframework.uband22016.R$id: int actionbar_done
com.ionicframework.uband22016.R$id: int actionbar_done_textview
com.ionicframework.uband22016.R$id: int gridview
com.ionicframework.uband22016.R$id: R$id()
com.ionicframework.uband22016.R$layout
com.ionicframework.uband22016.R$layout: int actionbar_custom_view_done_discard
com.ionicframework.uband22016.R$layout: int actionbar_discard_button
com.ionicframework.uband22016.R$layout: int actionbar_done_button
com.ionicframework.uband22016.R$layout: int multiselectorgrid
com.ionicframework.uband22016.R$layout: R$layout()
com.ionicframework.uband22016.R$raw
com.ionicframework.uband22016.R$raw: int alert
com.ionicframework.uband22016.R$raw: int alert2
com.ionicframework.uband22016.R$raw: int reconnect
com.ionicframework.uband22016.R$raw: R$raw()
...
android.support.v4.view.animation.FastOutLinearInInterpolator
android.support.v4.view.animation.FastOutSlowInInterpolator
android.support.v4.view.animation.LinearOutSlowInInterpolator
android.support.v4.widget.ContentLoadingProgressBar
android.support.v4.widget.ContentLoadingProgressBar: ContentLoadingProgressBar(android.content.Context)
android.support.v4.widget.ContentLoadingProgressBar: ContentLoadingProgressBar(android.content.Context,android.util.AttributeSet)
android.support.v4.widget.CursorAdapter
android.support.v4.widget.DrawerLayout
android.support.v4.widget.DrawerLayout: DrawerLayout(android.content.Context)
android.support.v4.widget.DrawerLayout: DrawerLayout(android.content.Context,android.util.AttributeSet)
android.support.v4.widget.DrawerLayout: DrawerLayout(android.content.Context,android.util.AttributeSet,int)
android.support.v4.widget.DrawerLayout: void setDrawerElevation(float)
android.support.v4.widget.DrawerLayout: float getDrawerElevation()
android.support.v4.widget.DrawerLayout: void setChildInsets(java.lang.Object,boolean)
android.support.v4.widget.DrawerLayout: void setDrawerShadow(android.graphics.drawable.Drawable,int)
android.support.v4.widget.DrawerLayout: void setDrawerShadow(int,int)
android.support.v4.widget.DrawerLayout: void setScrimColor(int)
android.support.v4.widget.DrawerLayout: void setDrawerListener(android.support.v4.widget.DrawerLayout$DrawerListener)
android.support.v4.widget.DrawerLayout: void setDrawerLockMode(int)
android.support.v4.widget.DrawerLayout: void setDrawerLockMode(int,int)
android.support.v4.widget.DrawerLayout: void setDrawerLockMode(int,android.view.View)
android.support.v4.widget.DrawerLayout: void setDrawerTitle(int,java.lang.CharSequence)
android.support.v4.widget.DrawerLayout: void setStatusBarBackground(android.graphics.drawable.Drawable)
android.support.v4.widget.DrawerLayout: android.graphics.drawable.Drawable getStatusBarBackgroundDrawable()
android.support.v4.widget.DrawerLayout$LayoutParams
android.support.v4.widget.DrawerLayout$LayoutParams: DrawerLayout$LayoutParams(android.content.Context,android.util.AttributeSet)
android.support.v4.widget.DrawerLayout$SavedState
android.support.v4.widget.DrawerLayout$SavedState: android.os.Parcelable$Creator CREATOR
android.support.v4.widget.DrawerLayout$SimpleDrawerListener
android.support.v4.widget.ExploreByTouchHelper
android.support.v4.widget.ListViewAutoScrollHelper
android.support.v4.widget.NestedScrollView
android.support.v4.widget.NestedScrollView: NestedScrollView(android.content.Context)
android.support.v4.widget.NestedScrollView: NestedScrollView(android.content.Context,android.util.AttributeSet)
android.support.v4.widget.NestedScrollView: NestedScrollView(android.content.Context,android.util.AttributeSet,int)
android.support.v4.widget.NestedScrollView: void setNestedScrollingEnabled(boolean)
android.support.v4.widget.NestedScrollView: int getNestedScrollAxes()
android.support.v4.widget.NestedScrollView: float getTopFadingEdgeStrength()
android.support.v4.widget.NestedScrollView: float getBottomFadingEdgeStrength()
android.support.v4.widget.NestedScrollView: int getMaxScrollAmount()
android.support.v4.widget.NestedScrollView: void setOnScrollChangeListener(android.support.v4.widget.NestedScrollView$OnScrollChangeListener)
android.support.v4.widget.NestedScrollView: void setFillViewport(boolean)
android.support.v4.widget.NestedScrollView: void setSmoothScrollingEnabled(boolean)
android.support.v4.widget.NestedScrollView: float getVerticalScrollFactorCompat()
android.support.v4.widget.NestedScrollView: int getScrollRange()
android.support.v4.widget.NestedScrollView$SavedState
android.support.v4.widget.NestedScrollView$SavedState: android.os.Parcelable$Creator CREATOR
android.support.v4.widget.ResourceCursorAdapter
android.support.v4.widget.SearchViewCompatIcs$MySearchView
android.support.v4.widget.SearchViewCompatIcs$MySearchView: SearchViewCompatIcs$MySearchView(android.content.Context)