dstacxxz/2AS/ubond2/platforms/android/proguard/mapping.txt
com.ionicframework.uband22016.MainActivity -> com.ionicframework.uband22016.MainActivity:
    31:34:void onCreate(android.os.Bundle) -> onCreate
com.ionicframework.uband22016.R -> com.ionicframework.uband22016.R:
com.ionicframework.uband22016.R$anim -> com.ionicframework.uband22016.R$anim:
    int image_pop_in -> image_pop_in
com.ionicframework.uband22016.R$attr -> com.ionicframework.uband22016.R$attr:
com.ionicframework.uband22016.R$drawable -> com.ionicframework.uband22016.R$drawable:
    int grid_background -> grid_background
    int ic_action_discard_dark -> ic_action_discard_dark
    int ic_action_discard_light -> ic_action_discard_light
    int ic_action_done_dark -> ic_action_done_dark
    int ic_action_done_light -> ic_action_done_light
    int ic_launcher -> ic_launcher
    int icon -> icon
    int image_bg -> image_bg
    int loading_icon -> loading_icon
    int screen -> screen
    int ssdk_auth_title_back -> ssdk_auth_title_back
    int ssdk_back_arr -> ssdk_back_arr
    int ssdk_logo -> ssdk_logo
    int ssdk_oks_classic_alipay -> ssdk_oks_classic_alipay
    int ssdk_oks_classic_bluetooth -> ssdk_oks_classic_bluetooth
    int ssdk_oks_classic_check_checked -> ssdk_oks_classic_check_checked
    int ssdk_oks_classic_check_default -> ssdk_oks_classic_check_default
    int ssdk_oks_classic_douban -> ssdk_oks_classic_douban
    int ssdk_oks_classic_dropbox -> ssdk_oks_classic_dropbox
    int ssdk_oks_classic_email -> ssdk_oks_classic_email
    int ssdk_oks_classic_evernote -> ssdk_oks_classic_evernote
    int ssdk_oks_classic_facebook -> ssdk_oks_classic_facebook
    int ssdk_oks_classic_facebookmessenger -> ssdk_oks_classic_facebookmessenger
    int ssdk_oks_classic_flickr -> ssdk_oks_classic_flickr
    int ssdk_oks_classic_foursquare -> ssdk_oks_classic_foursquare
    int ssdk_oks_classic_googleplus -> ssdk_oks_classic_googleplus
com.ionicframework.uband22016.R$id -> com.ionicframework.uband22016.R$id:
    int actionbar_discard -> actionbar_discard
    int actionbar_discard_textview -> actionbar_discard_textview
    int actionbar_done -> actionbar_done
    int actionbar_done_textview -> actionbar_done_textview
    int gridview -> gridview
com.ionicframework.uband22016.R$layout -> com.ionicframework.uband22016.R$layout:
    int actionbar_custom_view_done_discard -> actionbar_custom_view_done_discard
    int actionbar_discard_button -> actionbar_discard_button
    int actionbar_done_button -> actionbar_done_button
    int multiselectorgrid -> multiselectorgrid
com.ionicframework.uband22016.R$raw -> com.ionicframework.uband22016.R$raw:
    int alert -> alert
    int alert2 -> alert2
    int reconnect -> reconnect
...
android.support.v4.media.session.MediaSessionCompat -> android.support.v4.media.session.MediaSessionCompat:
android.support.v4.media.session.MediaSessionCompat$1 -> fa:
android.support.v4.media.session.MediaSessionCompat$QueueItem -> android.support.v4.media.session.MediaSessionCompat$QueueItem:
    android.support.v4.media.MediaDescriptionCompat mDescription -> a
    long mId -> b
    android.os.Parcelable$Creator CREATOR -> CREATOR
    865:867:void writeToParcel(android.os.Parcel,int) -> writeToParcel
    871:871:int describeContents() -> describeContents
    924:924:java.lang.String toString() -> toString
android.support.v4.media.session.MediaSessionCompat$QueueItem$1 -> fb:
    913:913:android.support.v4.media.session.MediaSessionCompat$QueueItem createFromParcel(android.os.Parcel) -> a
    918:918:android.support.v4.media.session.MediaSessionCompat$QueueItem[] newArray(int) -> a
    909:909:java.lang.Object[] newArray(int) -> newArray
    909:909:java.lang.Object createFromParcel(android.os.Parcel) -> createFromParcel
android.support.v4.media.session.MediaSessionCompat$ResultReceiverWrapper -> android.support.v4.media.session.MediaSessionCompat$ResultReceiverWrapper:
    android.os.ResultReceiver mResultReceiver -> a
    android.os.Parcelable$Creator CREATOR -> CREATOR
    961:961:int describeContents() -> describeContents
    966:967:void writeToParcel(android.os.Parcel,int) -> writeToParcel
android.support.v4.media.session.MediaSessionCompat$ResultReceiverWrapper$1 -> fc:
    950:950:android.support.v4.media.session.MediaSessionCompat$ResultReceiverWrapper createFromParcel(android.os.Parcel) -> a
    955:955:android.support.v4.media.session.MediaSessionCompat$ResultReceiverWrapper[] newArray(int) -> a
    947:947:java.lang.Object[] newArray(int) -> newArray
    947:947:java.lang.Object createFromParcel(android.os.Parcel) -> createFromParcel
android.support.v4.media.session.MediaSessionCompat$Token -> android.support.v4.media.session.MediaSessionCompat$Token:
    java.lang.Object mInner -> a
    android.os.Parcelable$Creator CREATOR -> CREATOR
    761:761:int describeContents() -> describeContents
    766:771:void writeToParcel(android.os.Parcel,int) -> writeToParcel
android.support.v4.media.session.MediaSessionCompat$Token$1 -> fd:
    791:796:android.support.v4.media.session.MediaSessionCompat$Token createFromParcel(android.os.Parcel) -> a
    801:801:android.support.v4.media.session.MediaSessionCompat$Token[] newArray(int) -> a
    787:787:java.lang.Object[] newArray(int) -> newArray
    787:787:java.lang.Object createFromParcel(android.os.Parcel) -> createFromParcel
android.support.v4.media.session.MediaSessionCompatApi23 -> fe:
android.support.v4.media.session.MediaSessionCompatApi23$Callback -> ff:
android.support.v4.media.session.ParcelableVolumeInfo -> android.support.v4.media.session.ParcelableVolumeInfo:
    int volumeType -> a
    int audioStream -> b
    int controlType -> c
    int maxVolume -> d
    int currentVolume -> e
    android.os.Parcelable$Creator CREATOR -> CREATOR
    52:52:int describeContents() -> describeContents
    57:62:void writeToParcel(android.os.Parcel,int) -> writeToParcel
android.support.v4.media.session.ParcelableVolumeInfo$1 -> fg:
    69:69:android.support.v4.media.session.ParcelableVolumeInfo createFromParcel(android.os.Parcel) -> a
    74:74:android.support.v4.media.session.ParcelableVolumeInfo[] newArray(int) -> a
    66:66:java.lang.Object[] newArray(int) -> newArray
    66:66:java.lang.Object createFromParcel(android.os.Parcel) -> createFromParcel