dstacxxz/2AS/ubond2/platforms/android/proguard/usage.txt
com.ionicframework.uband22016.BuildConfig
...
android.support.v4.widget.CircleImageView:
    private static final int KEY_SHADOW_COLOR
    private static final int FILL_SHADOW_COLOR
    private static final float X_OFFSET
    private static final float Y_OFFSET
    private static final float SHADOW_RADIUS
    private static final int SHADOW_ELEVATION
    117:118:public void setBackgroundColorRes(int)
android.support.v4.widget.CompoundButtonCompat
android.support.v4.widget.CompoundButtonCompat$Api23CompoundButtonImpl
android.support.v4.widget.CompoundButtonCompat$BaseCompoundButtonCompat
android.support.v4.widget.CompoundButtonCompat$CompoundButtonCompatImpl
android.support.v4.widget.CompoundButtonCompat$LollipopCompoundButtonImpl
android.support.v4.widget.CompoundButtonCompatApi23
android.support.v4.widget.CompoundButtonCompatDonut
android.support.v4.widget.CompoundButtonCompatLollipop
android.support.v4.widget.ContentLoadingProgressBar:
    private static final int MIN_SHOW_TIME
    private static final int MIN_DELAY
    95:112:public void hide()
    120:127:public void show()
android.support.v4.widget.CursorAdapter:
    public static final int FLAG_AUTO_REQUERY
    public static final int FLAG_REGISTER_CONTENT_OBSERVER
    121:123:public CursorAdapter(android.content.Context,android.database.Cursor)
    137:139:public CursorAdapter(android.content.Context,android.database.Cursor,boolean)
    150:152:public CursorAdapter(android.content.Context,android.database.Cursor,int)
    160:161:protected void init(android.content.Context,android.database.Cursor,boolean)
    164:187:void init(android.content.Context,android.database.Cursor,int)
    420:420:public android.widget.FilterQueryProvider getFilterQueryProvider()
    436:437:public void setFilterQueryProvider(android.widget.FilterQueryProvider)
android.support.v4.widget.CursorAdapter$1
android.support.v4.widget.CursorAdapter$ChangeObserver:
    454:456:public CursorAdapter$ChangeObserver(android.support.v4.widget.CursorAdapter)
android.support.v4.widget.CursorAdapter$MyDataSetObserver
android.support.v4.widget.DrawerLayout:
    private static final java.lang.String TAG
    public static final int STATE_IDLE
    public static final int STATE_DRAGGING
    public static final int STATE_SETTLING
    public static final int LOCK_MODE_UNLOCKED
    public static final int LOCK_MODE_LOCKED_CLOSED
    public static final int LOCK_MODE_LOCKED_OPEN
    private static final int MIN_DRAWER_MARGIN
    private static final int DRAWER_ELEVATION
    private static final int DEFAULT_SCRIM_COLOR
    private static final int PEEK_DELAY
    private static final int MIN_FLING_VELOCITY
    private static final boolean ALLOW_EDGE_LOCK
    private static final boolean CHILDREN_DISALLOW_INTERCEPT
    private static final float TOUCH_SLOP_SENSITIVITY
    610:617:public int getDrawerLockMode(int)
    817:826:void moveDrawerToOffset(android.view.View,float)
    1462:1468:public void openDrawer(int)
    1502:1508:public void closeDrawer(int)
    1537:1541:public boolean isDrawerOpen(int)
    1568:1572:public boolean isDrawerVisible(int)
android.support.v4.widget.DrawerLayout$EdgeGravity
android.support.v4.widget.DrawerLayout$LayoutParams:
    1987:1989:public DrawerLayout$LayoutParams(int,int,int)
android.support.v4.widget.DrawerLayout$LockMode
android.support.v4.widget.DrawerLayout$SimpleDrawerListener:
    262:262:public void onDrawerSlide(android.view.View,float)
    266:266:public void onDrawerOpened(android.view.View)
    270:270:public void onDrawerClosed(android.view.View)
    274:274:public void onDrawerStateChanged(int)
android.support.v4.widget.DrawerLayout$State
android.support.v4.widget.DrawerLayoutCompatApi21:
    31:86:DrawerLayoutCompatApi21()
android.support.v4.widget.EdgeEffectCompatIcs:
    28:28:EdgeEffectCompatIcs()
android.support.v4.widget.EdgeEffectCompatLollipop:
    22:22:EdgeEffectCompatLollipop()